2025-12-17 13:36:31,394 [INFO] Found 39 text files in physical
2025-12-17 13:36:31,394 [INFO] 
--- Processing: advanced_01.txt ---
2025-12-17 13:36:31,395 [INFO] Parsed questions: 5
2025-12-17 13:36:31,396 [INFO] Valid questions:  5
2025-12-17 13:36:31,396 [INFO] Format errors:    0
2025-12-17 13:36:31,398 [INFO] Written: advanced_01.xml
2025-12-17 13:36:31,398 [INFO] 
--- Processing: advanced_02.txt ---
2025-12-17 13:36:31,399 [INFO] Parsed questions: 5
2025-12-17 13:36:31,399 [INFO] Valid questions:  5
2025-12-17 13:36:31,400 [INFO] Format errors:    0
2025-12-17 13:36:31,402 [INFO] Written: advanced_02.xml
2025-12-17 13:36:31,402 [INFO] 
--- Processing: advanced_03.txt ---
2025-12-17 13:36:31,403 [INFO] Parsed questions: 5
2025-12-17 13:36:31,403 [INFO] Valid questions:  5
2025-12-17 13:36:31,403 [INFO] Format errors:    0
2025-12-17 13:36:31,405 [INFO] Written: advanced_03.xml
2025-12-17 13:36:31,405 [INFO] 
--- Processing: advanced_04.txt ---
2025-12-17 13:36:31,406 [INFO] Parsed questions: 5
2025-12-17 13:36:31,406 [INFO] Valid questions:  5
2025-12-17 13:36:31,406 [INFO] Format errors:    0
2025-12-17 13:36:31,408 [INFO] Written: advanced_04.xml
2025-12-17 13:36:31,409 [INFO] 
--- Processing: advanced_05.txt ---
2025-12-17 13:36:31,410 [INFO] Parsed questions: 5
2025-12-17 13:36:31,410 [INFO] Valid questions:  5
2025-12-17 13:36:31,410 [INFO] Format errors:    0
2025-12-17 13:36:31,413 [INFO] Written: advanced_05.xml
2025-12-17 13:36:31,413 [INFO] 
--- Processing: advanced_06.txt ---
2025-12-17 13:36:31,414 [INFO] Parsed questions: 5
2025-12-17 13:36:31,414 [INFO] Valid questions:  5
2025-12-17 13:36:31,414 [INFO] Format errors:    0
2025-12-17 13:36:31,416 [INFO] Written: advanced_06.xml
2025-12-17 13:36:31,416 [INFO] 
--- Processing: advanced_07.txt ---
2025-12-17 13:36:31,417 [INFO] Parsed questions: 5
2025-12-17 13:36:31,418 [INFO] Valid questions:  5
2025-12-17 13:36:31,418 [INFO] Format errors:    0
2025-12-17 13:36:31,420 [INFO] Written: advanced_07.xml
2025-12-17 13:36:31,420 [INFO] 
--- Processing: advanced_08.txt ---
2025-12-17 13:36:31,420 [DEBUG] advanced_08.txt:1 ignored outside any question: ## Part 3: Advanced (5 MCQs)
2025-12-17 13:36:31,421 [INFO] Parsed questions: 5
2025-12-17 13:36:31,421 [INFO] Valid questions:  5
2025-12-17 13:36:31,421 [INFO] Format errors:    0
2025-12-17 13:36:31,423 [INFO] Written: advanced_08.xml
2025-12-17 13:36:31,423 [INFO] 
--- Processing: advanced_09.txt ---
2025-12-17 13:36:31,424 [INFO] Parsed questions: 5
2025-12-17 13:36:31,424 [INFO] Valid questions:  5
2025-12-17 13:36:31,425 [INFO] Format errors:    0
2025-12-17 13:36:31,427 [INFO] Written: advanced_09.xml
2025-12-17 13:36:31,427 [INFO] 
--- Processing: advanced_10.txt ---
2025-12-17 13:36:31,429 [INFO] Parsed questions: 5
2025-12-17 13:36:31,429 [INFO] Valid questions:  5
2025-12-17 13:36:31,429 [INFO] Format errors:    0
2025-12-17 13:36:31,431 [INFO] Written: advanced_10.xml
2025-12-17 13:36:31,432 [INFO] 
--- Processing: advanced_11.txt ---
2025-12-17 13:36:31,433 [INFO] Parsed questions: 5
2025-12-17 13:36:31,433 [INFO] Valid questions:  5
2025-12-17 13:36:31,433 [INFO] Format errors:    0
2025-12-17 13:36:31,435 [INFO] Written: advanced_11.xml
2025-12-17 13:36:31,435 [INFO] 
--- Processing: advanced_12.txt ---
2025-12-17 13:36:31,436 [INFO] Parsed questions: 5
2025-12-17 13:36:31,436 [INFO] Valid questions:  5
2025-12-17 13:36:31,436 [INFO] Format errors:    0
2025-12-17 13:36:31,438 [INFO] Written: advanced_12.xml
2025-12-17 13:36:31,438 [INFO] 
--- Processing: advanced_13.txt ---
2025-12-17 13:36:31,439 [INFO] Parsed questions: 5
2025-12-17 13:36:31,439 [INFO] Valid questions:  5
2025-12-17 13:36:31,439 [INFO] Format errors:    0
2025-12-17 13:36:31,442 [INFO] Written: advanced_13.xml
2025-12-17 13:36:31,442 [INFO] 
--- Processing: basic_01.txt ---
2025-12-17 13:36:31,443 [INFO] Parsed questions: 10
2025-12-17 13:36:31,443 [INFO] Valid questions:  10
2025-12-17 13:36:31,443 [INFO] Format errors:    0
2025-12-17 13:36:31,446 [INFO] Written: basic_01.xml
2025-12-17 13:36:31,447 [INFO] 
--- Processing: basic_02.txt ---
2025-12-17 13:36:31,447 [INFO] Parsed questions: 10
2025-12-17 13:36:31,448 [INFO] Valid questions:  10
2025-12-17 13:36:31,448 [INFO] Format errors:    0
2025-12-17 13:36:31,451 [INFO] Written: basic_02.xml
2025-12-17 13:36:31,451 [INFO] 
--- Processing: basic_03.txt ---
2025-12-17 13:36:31,452 [INFO] Parsed questions: 10
2025-12-17 13:36:31,452 [INFO] Valid questions:  10
2025-12-17 13:36:31,452 [INFO] Format errors:    0
2025-12-17 13:36:31,456 [INFO] Written: basic_03.xml
2025-12-17 13:36:31,456 [INFO] 
--- Processing: basic_04.txt ---
2025-12-17 13:36:31,458 [INFO] Parsed questions: 10
2025-12-17 13:36:31,458 [INFO] Valid questions:  10
2025-12-17 13:36:31,458 [INFO] Format errors:    0
2025-12-17 13:36:31,461 [INFO] Written: basic_04.xml
2025-12-17 13:36:31,462 [INFO] 
--- Processing: basic_05.txt ---
2025-12-17 13:36:31,463 [INFO] Parsed questions: 10
2025-12-17 13:36:31,463 [INFO] Valid questions:  10
2025-12-17 13:36:31,463 [INFO] Format errors:    0
2025-12-17 13:36:31,466 [INFO] Written: basic_05.xml
2025-12-17 13:36:31,467 [INFO] 
--- Processing: basic_06.txt ---
2025-12-17 13:36:31,468 [INFO] Parsed questions: 10
2025-12-17 13:36:31,468 [INFO] Valid questions:  10
2025-12-17 13:36:31,468 [INFO] Format errors:    0
2025-12-17 13:36:31,471 [INFO] Written: basic_06.xml
2025-12-17 13:36:31,471 [INFO] 
--- Processing: basic_07.txt ---
2025-12-17 13:36:31,472 [INFO] Parsed questions: 10
2025-12-17 13:36:31,473 [INFO] Valid questions:  10
2025-12-17 13:36:31,473 [INFO] Format errors:    0
2025-12-17 13:36:31,476 [INFO] Written: basic_07.xml
2025-12-17 13:36:31,476 [INFO] 
--- Processing: basic_08.txt ---
2025-12-17 13:36:31,477 [DEBUG] basic_08.txt:1 ignored outside any question: ## Part 1: Basic (10 MCQs)
2025-12-17 13:36:31,477 [INFO] Parsed questions: 10
2025-12-17 13:36:31,477 [INFO] Valid questions:  10
2025-12-17 13:36:31,477 [INFO] Format errors:    0
2025-12-17 13:36:31,480 [INFO] Written: basic_08.xml
2025-12-17 13:36:31,481 [INFO] 
--- Processing: basic_09.txt ---
2025-12-17 13:36:31,482 [INFO] Parsed questions: 10
2025-12-17 13:36:31,482 [INFO] Valid questions:  10
2025-12-17 13:36:31,482 [INFO] Format errors:    0
2025-12-17 13:36:31,485 [INFO] Written: basic_09.xml
2025-12-17 13:36:31,485 [INFO] 
--- Processing: basic_10.txt ---
2025-12-17 13:36:31,487 [INFO] Parsed questions: 10
2025-12-17 13:36:31,487 [INFO] Valid questions:  10
2025-12-17 13:36:31,487 [INFO] Format errors:    0
2025-12-17 13:36:31,491 [INFO] Written: basic_10.xml
2025-12-17 13:36:31,491 [INFO] 
--- Processing: basic_11.txt ---
2025-12-17 13:36:31,492 [INFO] Parsed questions: 10
2025-12-17 13:36:31,493 [INFO] Valid questions:  10
2025-12-17 13:36:31,493 [INFO] Format errors:    0
2025-12-17 13:36:31,496 [INFO] Written: basic_11.xml
2025-12-17 13:36:31,496 [INFO] 
--- Processing: basic_12.txt ---
2025-12-17 13:36:31,497 [INFO] Parsed questions: 10
2025-12-17 13:36:31,498 [INFO] Valid questions:  10
2025-12-17 13:36:31,498 [INFO] Format errors:    0
2025-12-17 13:36:31,501 [INFO] Written: basic_12.xml
2025-12-17 13:36:31,501 [INFO] 
--- Processing: basic_13.txt ---
2025-12-17 13:36:31,502 [INFO] Parsed questions: 10
2025-12-17 13:36:31,502 [INFO] Valid questions:  10
2025-12-17 13:36:31,502 [INFO] Format errors:    0
2025-12-17 13:36:31,505 [INFO] Written: basic_13.xml
2025-12-17 13:36:31,506 [INFO] 
--- Processing: intermediate_01.txt ---
2025-12-17 13:36:31,507 [INFO] Parsed questions: 10
2025-12-17 13:36:31,507 [INFO] Valid questions:  10
2025-12-17 13:36:31,507 [INFO] Format errors:    0
2025-12-17 13:36:31,510 [INFO] Written: intermediate_01.xml
2025-12-17 13:36:31,510 [INFO] 
--- Processing: intermediate_02.txt ---
2025-12-17 13:36:31,511 [INFO] Parsed questions: 10
2025-12-17 13:36:31,511 [INFO] Valid questions:  10
2025-12-17 13:36:31,511 [INFO] Format errors:    0
2025-12-17 13:36:31,515 [INFO] Written: intermediate_02.xml
2025-12-17 13:36:31,515 [INFO] 
--- Processing: intermediate_03.txt ---
2025-12-17 13:36:31,516 [INFO] Parsed questions: 10
2025-12-17 13:36:31,516 [INFO] Valid questions:  10
2025-12-17 13:36:31,516 [INFO] Format errors:    0
2025-12-17 13:36:31,520 [INFO] Written: intermediate_03.xml
2025-12-17 13:36:31,520 [INFO] 
--- Processing: intermediate_04.txt ---
2025-12-17 13:36:31,522 [INFO] Parsed questions: 10
2025-12-17 13:36:31,522 [INFO] Valid questions:  10
2025-12-17 13:36:31,522 [INFO] Format errors:    0
2025-12-17 13:36:31,526 [INFO] Written: intermediate_04.xml
2025-12-17 13:36:31,526 [INFO] 
--- Processing: intermediate_05.txt ---
2025-12-17 13:36:31,527 [INFO] Parsed questions: 10
2025-12-17 13:36:31,527 [INFO] Valid questions:  10
2025-12-17 13:36:31,528 [INFO] Format errors:    0
2025-12-17 13:36:31,531 [INFO] Written: intermediate_05.xml
2025-12-17 13:36:31,531 [INFO] 
--- Processing: intermediate_06.txt ---
2025-12-17 13:36:31,531 [DEBUG] intermediate_06.txt:36 unassigned continuation: Explanation (corrected): \(Q_p=0.10\) and \(K_p=0.25\), so \(Q_p<K_p\) and the reaction must proceed in the forward direction to increase \(Q_p\) to the equilibrium value.  A backward shift would decrease \(NO_2\) and increase \(N_2O_4\), making \(Q_p\) even smaller, which contradicts the need to reach \(K_p\).  Volume is not needed because \(Q_p\) is computed directly from the given partial pressures.
2025-12-17 13:36:31,532 [DEBUG] intermediate_06.txt:51 unassigned continuation: Explanation (as per closest choice): The ideal-solution calculation gives \(P=130\ \text{torr}\) from Raoult’s law.  Among the provided options, 120 torr is the nearest value, indicating minor rounding/option discretization; the method and exact result remain \(130\ \text{torr}\).  The other options correspond to common errors such as using only one component’s contribution or adding pure-component vapor pressures without mole-fraction weighting.
2025-12-17 13:36:31,532 [INFO] Parsed questions: 10
2025-12-17 13:36:31,532 [INFO] Valid questions:  10
2025-12-17 13:36:31,532 [INFO] Format errors:    0
2025-12-17 13:36:31,535 [INFO] Written: intermediate_06.xml
2025-12-17 13:36:31,536 [INFO] 
--- Processing: intermediate_07.txt ---
2025-12-17 13:36:31,537 [INFO] Parsed questions: 10
2025-12-17 13:36:31,537 [INFO] Valid questions:  10
2025-12-17 13:36:31,537 [INFO] Format errors:    0
2025-12-17 13:36:31,540 [INFO] Written: intermediate_07.xml
2025-12-17 13:36:31,541 [INFO] 
--- Processing: intermediate_08.txt ---
2025-12-17 13:36:31,541 [DEBUG] intermediate_08.txt:1 ignored outside any question: ## Part 2: Intermediate (10 MCQs)
2025-12-17 13:36:31,542 [INFO] Parsed questions: 10
2025-12-17 13:36:31,542 [INFO] Valid questions:  10
2025-12-17 13:36:31,542 [INFO] Format errors:    0
2025-12-17 13:36:31,545 [INFO] Written: intermediate_08.xml
2025-12-17 13:36:31,545 [INFO] 
--- Processing: intermediate_09.txt ---
2025-12-17 13:36:31,546 [INFO] Parsed questions: 10
2025-12-17 13:36:31,547 [INFO] Valid questions:  10
2025-12-17 13:36:31,547 [INFO] Format errors:    0
2025-12-17 13:36:31,550 [INFO] Written: intermediate_09.xml
2025-12-17 13:36:31,551 [INFO] 
--- Processing: intermediate_10.txt ---
2025-12-17 13:36:31,552 [INFO] Parsed questions: 10
2025-12-17 13:36:31,553 [INFO] Valid questions:  10
2025-12-17 13:36:31,553 [INFO] Format errors:    0
2025-12-17 13:36:31,556 [INFO] Written: intermediate_10.xml
2025-12-17 13:36:31,556 [INFO] 
--- Processing: intermediate_11.txt ---
2025-12-17 13:36:31,557 [INFO] Parsed questions: 10
2025-12-17 13:36:31,557 [INFO] Valid questions:  10
2025-12-17 13:36:31,558 [INFO] Format errors:    0
2025-12-17 13:36:31,561 [INFO] Written: intermediate_11.xml
2025-12-17 13:36:31,561 [INFO] 
--- Processing: intermediate_12.txt ---
2025-12-17 13:36:31,562 [INFO] Parsed questions: 10
2025-12-17 13:36:31,562 [INFO] Valid questions:  10
2025-12-17 13:36:31,562 [INFO] Format errors:    0
2025-12-17 13:36:31,565 [INFO] Written: intermediate_12.xml
2025-12-17 13:36:31,566 [INFO] 
--- Processing: intermediate_13.txt ---
2025-12-17 13:36:31,567 [INFO] Parsed questions: 10
2025-12-17 13:36:31,567 [INFO] Valid questions:  10
2025-12-17 13:36:31,567 [INFO] Format errors:    0
2025-12-17 13:36:31,570 [INFO] Written: intermediate_13.xml
2025-12-17 13:36:31,570 [INFO] 
=== Overall ===
2025-12-17 13:36:31,570 [INFO] Total parsed questions: 325
2025-12-17 13:36:31,570 [INFO] Total valid questions:  325
2025-12-17 13:36:31,570 [INFO] Total format errors:    0
2025-12-17 13:36:31,571 [INFO] Audit log: physical/output.log
