2025-12-17 13:15:52,518 [INFO] Found 33 text files in inorganic
2025-12-17 13:15:52,519 [INFO] 
--- Processing: advanced_01.txt ---
2025-12-17 13:15:52,520 [INFO] Parsed questions: 5
2025-12-17 13:15:52,520 [INFO] Valid questions:  5
2025-12-17 13:15:52,521 [INFO] Format errors:    0
2025-12-17 13:15:52,524 [INFO] Written: advanced_01.xml
2025-12-17 13:15:52,524 [INFO] 
--- Processing: advanced_02.txt ---
2025-12-17 13:15:52,525 [INFO] Parsed questions: 5
2025-12-17 13:15:52,525 [INFO] Valid questions:  5
2025-12-17 13:15:52,525 [INFO] Format errors:    0
2025-12-17 13:15:52,528 [INFO] Written: advanced_02.xml
2025-12-17 13:15:52,528 [INFO] 
--- Processing: advanced_03.txt ---
2025-12-17 13:15:52,529 [INFO] Parsed questions: 5
2025-12-17 13:15:52,530 [INFO] Valid questions:  5
2025-12-17 13:15:52,530 [INFO] Format errors:    0
2025-12-17 13:15:52,532 [INFO] Written: advanced_03.xml
2025-12-17 13:15:52,533 [INFO] 
--- Processing: advanced_04.txt ---
2025-12-17 13:15:52,534 [INFO] Parsed questions: 5
2025-12-17 13:15:52,534 [INFO] Valid questions:  5
2025-12-17 13:15:52,535 [INFO] Format errors:    0
2025-12-17 13:15:52,537 [INFO] Written: advanced_04.xml
2025-12-17 13:15:52,537 [INFO] 
--- Processing: advanced_05.txt ---
2025-12-17 13:15:52,538 [INFO] Parsed questions: 5
2025-12-17 13:15:52,538 [INFO] Valid questions:  5
2025-12-17 13:15:52,539 [INFO] Format errors:    0
2025-12-17 13:15:52,541 [INFO] Written: advanced_05.xml
2025-12-17 13:15:52,542 [INFO] 
--- Processing: advanced_06.txt ---
2025-12-17 13:15:52,543 [INFO] Parsed questions: 5
2025-12-17 13:15:52,543 [INFO] Valid questions:  5
2025-12-17 13:15:52,543 [INFO] Format errors:    0
2025-12-17 13:15:52,546 [INFO] Written: advanced_06.xml
2025-12-17 13:15:52,546 [INFO] 
--- Processing: advanced_07.txt ---
2025-12-17 13:15:52,547 [INFO] Parsed questions: 5
2025-12-17 13:15:52,547 [INFO] Valid questions:  5
2025-12-17 13:15:52,548 [INFO] Format errors:    0
2025-12-17 13:15:52,550 [INFO] Written: advanced_07.xml
2025-12-17 13:15:52,551 [INFO] 
--- Processing: advanced_08.txt ---
2025-12-17 13:15:52,552 [INFO] Parsed questions: 5
2025-12-17 13:15:52,553 [INFO] Valid questions:  5
2025-12-17 13:15:52,553 [INFO] Format errors:    0
2025-12-17 13:15:52,555 [INFO] Written: advanced_08.xml
2025-12-17 13:15:52,556 [INFO] 
--- Processing: advanced_09.txt ---
2025-12-17 13:15:52,556 [INFO] Parsed questions: 5
2025-12-17 13:15:52,557 [INFO] Valid questions:  5
2025-12-17 13:15:52,557 [INFO] Format errors:    0
2025-12-17 13:15:52,559 [INFO] Written: advanced_09.xml
2025-12-17 13:15:52,559 [INFO] 
--- Processing: advanced_10.txt ---
2025-12-17 13:15:52,560 [INFO] Parsed questions: 5
2025-12-17 13:15:52,561 [INFO] Valid questions:  5
2025-12-17 13:15:52,561 [INFO] Format errors:    0
2025-12-17 13:15:52,564 [INFO] Written: advanced_10.xml
2025-12-17 13:15:52,564 [INFO] 
--- Processing: advanced_11.txt ---
2025-12-17 13:15:52,565 [INFO] Parsed questions: 5
2025-12-17 13:15:52,565 [INFO] Valid questions:  5
2025-12-17 13:15:52,565 [INFO] Format errors:    0
2025-12-17 13:15:52,568 [INFO] Written: advanced_11.xml
2025-12-17 13:15:52,568 [INFO] 
--- Processing: basic_01.txt ---
2025-12-17 13:15:52,569 [INFO] Parsed questions: 10
2025-12-17 13:15:52,570 [INFO] Valid questions:  10
2025-12-17 13:15:52,570 [INFO] Format errors:    0
2025-12-17 13:15:52,573 [INFO] Written: basic_01.xml
2025-12-17 13:15:52,574 [INFO] 
--- Processing: basic_02.txt ---
2025-12-17 13:15:52,575 [INFO] Parsed questions: 10
2025-12-17 13:15:52,575 [INFO] Valid questions:  10
2025-12-17 13:15:52,575 [INFO] Format errors:    0
2025-12-17 13:15:52,579 [INFO] Written: basic_02.xml
2025-12-17 13:15:52,579 [INFO] 
--- Processing: basic_03.txt ---
2025-12-17 13:15:52,581 [INFO] Parsed questions: 10
2025-12-17 13:15:52,581 [INFO] Valid questions:  10
2025-12-17 13:15:52,581 [INFO] Format errors:    0
2025-12-17 13:15:52,585 [INFO] Written: basic_03.xml
2025-12-17 13:15:52,586 [INFO] 
--- Processing: basic_04.txt ---
2025-12-17 13:15:52,587 [INFO] Parsed questions: 10
2025-12-17 13:15:52,587 [INFO] Valid questions:  10
2025-12-17 13:15:52,587 [INFO] Format errors:    0
2025-12-17 13:15:52,591 [INFO] Written: basic_04.xml
2025-12-17 13:15:52,591 [INFO] 
--- Processing: basic_05.txt ---
2025-12-17 13:15:52,591 [DEBUG] basic_05.txt:1 ignored outside any question: ## Part 1: Basic (10 MCQs)
2025-12-17 13:15:52,592 [INFO] Parsed questions: 10
2025-12-17 13:15:52,593 [INFO] Valid questions:  10
2025-12-17 13:15:52,593 [INFO] Format errors:    0
2025-12-17 13:15:52,596 [INFO] Written: basic_05.xml
2025-12-17 13:15:52,597 [INFO] 
--- Processing: basic_06.txt ---
2025-12-17 13:15:52,597 [DEBUG] basic_06.txt:1 ignored outside any question: Based on the attached file on Lanthanides and Actinides for GATE Chemistry, here are 10 Basic level MCQs:
2025-12-17 13:15:52,597 [DEBUG] basic_06.txt:3 ignored outside any question: ***
2025-12-17 13:15:52,598 [INFO] Parsed questions: 10
2025-12-17 13:15:52,598 [INFO] Valid questions:  10
2025-12-17 13:15:52,599 [INFO] Format errors:    0
2025-12-17 13:15:52,602 [INFO] Written: basic_06.xml
2025-12-17 13:15:52,602 [INFO] 
--- Processing: basic_07.txt ---
2025-12-17 13:15:52,603 [INFO] Parsed questions: 10
2025-12-17 13:15:52,604 [INFO] Valid questions:  10
2025-12-17 13:15:52,604 [INFO] Format errors:    0
2025-12-17 13:15:52,607 [INFO] Written: basic_07.xml
2025-12-17 13:15:52,608 [INFO] 
--- Processing: basic_08.txt ---
2025-12-17 13:15:52,608 [DEBUG] basic_08.txt:1 ignored outside any question: ## Part 1: Basic (10 MCQs)
2025-12-17 13:15:52,609 [INFO] Parsed questions: 10
2025-12-17 13:15:52,609 [INFO] Valid questions:  10
2025-12-17 13:15:52,609 [INFO] Format errors:    0
2025-12-17 13:15:52,613 [INFO] Written: basic_08.xml
2025-12-17 13:15:52,614 [INFO] 
--- Processing: basic_09.txt ---
2025-12-17 13:15:52,615 [INFO] Parsed questions: 10
2025-12-17 13:15:52,615 [INFO] Valid questions:  10
2025-12-17 13:15:52,616 [INFO] Format errors:    0
2025-12-17 13:15:52,619 [INFO] Written: basic_09.xml
2025-12-17 13:15:52,619 [INFO] 
--- Processing: basic_10.txt ---
2025-12-17 13:15:52,620 [INFO] Parsed questions: 10
2025-12-17 13:15:52,621 [INFO] Valid questions:  10
2025-12-17 13:15:52,621 [INFO] Format errors:    0
2025-12-17 13:15:52,624 [INFO] Written: basic_10.xml
2025-12-17 13:15:52,625 [INFO] 
--- Processing: basic_11.txt ---
2025-12-17 13:15:52,626 [INFO] Parsed questions: 10
2025-12-17 13:15:52,626 [INFO] Valid questions:  10
2025-12-17 13:15:52,627 [INFO] Format errors:    0
2025-12-17 13:15:52,630 [INFO] Written: basic_11.xml
2025-12-17 13:15:52,631 [INFO] 
--- Processing: intermediate_01.txt ---
2025-12-17 13:15:52,632 [INFO] Parsed questions: 10
2025-12-17 13:15:52,632 [INFO] Valid questions:  10
2025-12-17 13:15:52,633 [INFO] Format errors:    0
2025-12-17 13:15:52,636 [INFO] Written: intermediate_01.xml
2025-12-17 13:15:52,637 [INFO] 
--- Processing: intermediate_02.txt ---
2025-12-17 13:15:52,638 [INFO] Parsed questions: 10
2025-12-17 13:15:52,638 [INFO] Valid questions:  10
2025-12-17 13:15:52,638 [INFO] Format errors:    0
2025-12-17 13:15:52,642 [INFO] Written: intermediate_02.xml
2025-12-17 13:15:52,642 [INFO] 
--- Processing: intermediate_03.txt ---
2025-12-17 13:15:52,643 [INFO] Parsed questions: 10
2025-12-17 13:15:52,644 [INFO] Valid questions:  10
2025-12-17 13:15:52,644 [INFO] Format errors:    0
2025-12-17 13:15:52,648 [INFO] Written: intermediate_03.xml
2025-12-17 13:15:52,649 [INFO] 
--- Processing: intermediate_04.txt ---
2025-12-17 13:15:52,650 [INFO] Parsed questions: 10
2025-12-17 13:15:52,651 [INFO] Valid questions:  10
2025-12-17 13:15:52,651 [INFO] Format errors:    0
2025-12-17 13:15:52,655 [INFO] Written: intermediate_04.xml
2025-12-17 13:15:52,655 [INFO] 
--- Processing: intermediate_05.txt ---
2025-12-17 13:15:52,656 [INFO] Parsed questions: 10
2025-12-17 13:15:52,657 [INFO] Valid questions:  10
2025-12-17 13:15:52,657 [INFO] Format errors:    0
2025-12-17 13:15:52,660 [INFO] Written: intermediate_05.xml
2025-12-17 13:15:52,661 [INFO] 
--- Processing: intermediate_06.txt ---
2025-12-17 13:15:52,662 [INFO] Parsed questions: 10
2025-12-17 13:15:52,663 [INFO] Valid questions:  10
2025-12-17 13:15:52,663 [INFO] Format errors:    0
2025-12-17 13:15:52,666 [INFO] Written: intermediate_06.xml
2025-12-17 13:15:52,667 [INFO] 
--- Processing: intermediate_07.txt ---
2025-12-17 13:15:52,668 [INFO] Parsed questions: 10
2025-12-17 13:15:52,668 [INFO] Valid questions:  10
2025-12-17 13:15:52,668 [INFO] Format errors:    0
2025-12-17 13:15:52,672 [INFO] Written: intermediate_07.xml
2025-12-17 13:15:52,673 [INFO] 
--- Processing: intermediate_08.txt ---
2025-12-17 13:15:52,673 [DEBUG] intermediate_08.txt:1 ignored outside any question: ## Part 2: Intermediate (10 MCQs)
2025-12-17 13:15:52,674 [INFO] Parsed questions: 10
2025-12-17 13:15:52,674 [INFO] Valid questions:  10
2025-12-17 13:15:52,674 [INFO] Format errors:    0
2025-12-17 13:15:52,678 [INFO] Written: intermediate_08.xml
2025-12-17 13:15:52,679 [INFO] 
--- Processing: intermediate_09.txt ---
2025-12-17 13:15:52,680 [INFO] Parsed questions: 10
2025-12-17 13:15:52,681 [INFO] Valid questions:  10
2025-12-17 13:15:52,681 [INFO] Format errors:    0
2025-12-17 13:15:52,684 [INFO] Written: intermediate_09.xml
2025-12-17 13:15:52,685 [INFO] 
--- Processing: intermediate_10.txt ---
2025-12-17 13:15:52,686 [INFO] Parsed questions: 10
2025-12-17 13:15:52,686 [INFO] Valid questions:  10
2025-12-17 13:15:52,686 [INFO] Format errors:    0
2025-12-17 13:15:52,690 [INFO] Written: intermediate_10.xml
2025-12-17 13:15:52,690 [INFO] 
--- Processing: intermediate_11.txt ---
2025-12-17 13:15:52,691 [INFO] Parsed questions: 10
2025-12-17 13:15:52,691 [INFO] Valid questions:  10
2025-12-17 13:15:52,692 [INFO] Format errors:    0
2025-12-17 13:15:52,696 [INFO] Written: intermediate_11.xml
2025-12-17 13:15:52,696 [INFO] 
=== Overall ===
2025-12-17 13:15:52,696 [INFO] Total parsed questions: 275
2025-12-17 13:15:52,696 [INFO] Total valid questions:  275
2025-12-17 13:15:52,696 [INFO] Total format errors:    0
2025-12-17 13:15:52,697 [INFO] Audit log: inorganic/output.log
