2025-12-17 13:17:27,838 [INFO] Found 36 text files in organic
2025-12-17 13:17:27,838 [INFO] 
--- Processing: advanced_01.txt ---
2025-12-17 13:17:27,839 [INFO] Parsed questions: 5
2025-12-17 13:17:27,840 [INFO] Valid questions:  5
2025-12-17 13:17:27,840 [INFO] Format errors:    0
2025-12-17 13:17:27,842 [INFO] Written: advanced_01.xml
2025-12-17 13:17:27,842 [INFO] 
--- Processing: advanced_02.txt ---
2025-12-17 13:17:27,843 [INFO] Parsed questions: 5
2025-12-17 13:17:27,843 [INFO] Valid questions:  5
2025-12-17 13:17:27,843 [INFO] Format errors:    0
2025-12-17 13:17:27,846 [INFO] Written: advanced_02.xml
2025-12-17 13:17:27,846 [INFO] 
--- Processing: advanced_03.txt ---
2025-12-17 13:17:27,846 [INFO] Parsed questions: 5
2025-12-17 13:17:27,847 [INFO] Valid questions:  5
2025-12-17 13:17:27,847 [INFO] Format errors:    0
2025-12-17 13:17:27,849 [INFO] Written: advanced_03.xml
2025-12-17 13:17:27,849 [INFO] 
--- Processing: advanced_04.txt ---
2025-12-17 13:17:27,849 [DEBUG] advanced_04.txt:1 ignored outside any question: Here are 5 advanced-level GATE Organic Chemistry MCQs (4-mark style) based on integrated multi-step synthesis, organometallics, umpolung, enolate chemistry, and route evaluation from the organic synthesis and multistep-synthesis units.
2025-12-17 13:17:27,850 [INFO] Parsed questions: 5
2025-12-17 13:17:27,850 [INFO] Valid questions:  5
2025-12-17 13:17:27,850 [INFO] Format errors:    0
2025-12-17 13:17:27,852 [INFO] Written: advanced_04.xml
2025-12-17 13:17:27,853 [INFO] 
--- Processing: advanced_05.txt ---
2025-12-17 13:17:27,853 [INFO] Parsed questions: 5
2025-12-17 13:17:27,854 [INFO] Valid questions:  5
2025-12-17 13:17:27,854 [INFO] Format errors:    0
2025-12-17 13:17:27,856 [INFO] Written: advanced_05.xml
2025-12-17 13:17:27,857 [INFO] 
--- Processing: advanced_06.txt ---
2025-12-17 13:17:27,858 [INFO] Parsed questions: 5
2025-12-17 13:17:27,858 [INFO] Valid questions:  5
2025-12-17 13:17:27,858 [INFO] Format errors:    0
2025-12-17 13:17:27,860 [INFO] Written: advanced_06.xml
2025-12-17 13:17:27,860 [INFO] 
--- Processing: advanced_07.txt ---
2025-12-17 13:17:27,861 [INFO] Parsed questions: 5
2025-12-17 13:17:27,861 [INFO] Valid questions:  5
2025-12-17 13:17:27,861 [INFO] Format errors:    0
2025-12-17 13:17:27,863 [INFO] Written: advanced_07.xml
2025-12-17 13:17:27,863 [INFO] 
--- Processing: advanced_08.txt ---
2025-12-17 13:17:27,864 [INFO] Parsed questions: 5
2025-12-17 13:17:27,864 [INFO] Valid questions:  5
2025-12-17 13:17:27,864 [INFO] Format errors:    0
2025-12-17 13:17:27,866 [INFO] Written: advanced_08.xml
2025-12-17 13:17:27,867 [INFO] 
--- Processing: advanced_09.txt ---
2025-12-17 13:17:27,868 [INFO] Parsed questions: 5
2025-12-17 13:17:27,868 [INFO] Valid questions:  5
2025-12-17 13:17:27,868 [INFO] Format errors:    0
2025-12-17 13:17:27,870 [INFO] Written: advanced_09.xml
2025-12-17 13:17:27,871 [INFO] 
--- Processing: advanced_10.txt ---
2025-12-17 13:17:27,872 [INFO] Parsed questions: 5
2025-12-17 13:17:27,872 [INFO] Valid questions:  5
2025-12-17 13:17:27,873 [INFO] Format errors:    0
2025-12-17 13:17:27,875 [INFO] Written: advanced_10.xml
2025-12-17 13:17:27,875 [INFO] 
--- Processing: advanced_11.txt ---
2025-12-17 13:17:27,876 [INFO] Parsed questions: 5
2025-12-17 13:17:27,876 [INFO] Valid questions:  5
2025-12-17 13:17:27,876 [INFO] Format errors:    0
2025-12-17 13:17:27,878 [INFO] Written: advanced_11.xml
2025-12-17 13:17:27,878 [INFO] 
--- Processing: advanced_12.txt ---
2025-12-17 13:17:27,879 [INFO] Parsed questions: 5
2025-12-17 13:17:27,879 [INFO] Valid questions:  5
2025-12-17 13:17:27,879 [INFO] Format errors:    0
2025-12-17 13:17:27,881 [INFO] Written: advanced_12.xml
2025-12-17 13:17:27,881 [INFO] 
--- Processing: basic_01.txt ---
2025-12-17 13:17:27,882 [DEBUG] basic_01.txt:1 ignored outside any question: Based on the organic_unit_01.txt file covering Stereochemistry for GATE Chemistry Examination, here are 10 basic-level MCQs:
2025-12-17 13:17:27,882 [DEBUG] basic_01.txt:3 ignored outside any question: ***
2025-12-17 13:17:27,882 [INFO] Parsed questions: 10
2025-12-17 13:17:27,883 [INFO] Valid questions:  10
2025-12-17 13:17:27,883 [INFO] Format errors:    0
2025-12-17 13:17:27,886 [INFO] Written: basic_01.xml
2025-12-17 13:17:27,886 [INFO] 
--- Processing: basic_02.txt ---
2025-12-17 13:17:27,886 [DEBUG] basic_02.txt:1 ignored outside any question: Basic level MCQs for GATE Organic Chemistry (Reaction Mechanisms). Each question follows the requested format and targets the core and related concepts from the attached file, aligned to the specified learning objectives and milestones.
2025-12-17 13:17:27,887 [INFO] Parsed questions: 10
2025-12-17 13:17:27,887 [INFO] Valid questions:  10
2025-12-17 13:17:27,887 [INFO] Format errors:    0
2025-12-17 13:17:27,890 [INFO] Written: basic_02.xml
2025-12-17 13:17:27,891 [INFO] 
--- Processing: basic_03.txt ---
2025-12-17 13:17:27,891 [INFO] Parsed questions: 10
2025-12-17 13:17:27,892 [INFO] Valid questions:  10
2025-12-17 13:17:27,892 [INFO] Format errors:    0
2025-12-17 13:17:27,895 [INFO] Written: basic_03.xml
2025-12-17 13:17:27,895 [INFO] 
--- Processing: basic_04.txt ---
2025-12-17 13:17:27,895 [DEBUG] basic_04.txt:1 ignored outside any question: Here are 10 basic-level GATE Organic Chemistry MCQs based on the attached “GATE Organic Synthesis Learning Path” (organic_unit_04.txt). Questions focus on definitions, core mechanisms, rules, and fundamental outcomes across alkenes/alkynes, aromatic substitution, alcohols/phenols, carbonyls, carboxylic acid derivatives, halides/nitro, amines/amides, organometallics, and selective synthesis planning.
2025-12-17 13:17:27,896 [INFO] Parsed questions: 10
2025-12-17 13:17:27,896 [INFO] Valid questions:  10
2025-12-17 13:17:27,896 [INFO] Format errors:    0
2025-12-17 13:17:27,899 [INFO] Written: basic_04.xml
2025-12-17 13:17:27,900 [INFO] 
--- Processing: basic_05.txt ---
2025-12-17 13:17:27,900 [DEBUG] basic_05.txt:1 ignored outside any question: The 10 basic-level MCQs below are aligned to Organic Chemistry (GATE Chemistry), focusing on carbon–carbon bond formation via cross-coupling and related reactions from the attached unit. Each question has four options with one correct answer, followed by an explanation matching the Basic difficulty specifications.
2025-12-17 13:17:27,901 [INFO] Parsed questions: 10
2025-12-17 13:17:27,902 [INFO] Valid questions:  10
2025-12-17 13:17:27,902 [INFO] Format errors:    0
2025-12-17 13:17:27,905 [INFO] Written: basic_05.xml
2025-12-17 13:17:27,905 [INFO] 
--- Processing: basic_06.txt ---
2025-12-17 13:17:27,906 [DEBUG] basic_06.txt:1 ignored outside any question: **Part 1: Basic Level MCQs**
2025-12-17 13:17:27,907 [INFO] Parsed questions: 10
2025-12-17 13:17:27,907 [INFO] Valid questions:  10
2025-12-17 13:17:27,907 [INFO] Format errors:    0
2025-12-17 13:17:27,910 [INFO] Written: basic_06.xml
2025-12-17 13:17:27,910 [INFO] 
--- Processing: basic_07.txt ---
2025-12-17 13:17:27,910 [DEBUG] basic_07.txt:1 ignored outside any question: The following 10 basic-level MCQs are tailored to GATE Organic Chemistry, covering selectivity (chemo-, regio-, stereo-), protecting groups, and foundations of asymmetric synthesis as specified in organic_unit_07.txt.
2025-12-17 13:17:27,911 [INFO] Parsed questions: 10
2025-12-17 13:17:27,911 [INFO] Valid questions:  10
2025-12-17 13:17:27,911 [INFO] Format errors:    0
2025-12-17 13:17:27,914 [INFO] Written: basic_07.xml
2025-12-17 13:17:27,915 [INFO] 
--- Processing: basic_08.txt ---
2025-12-17 13:17:27,916 [INFO] Parsed questions: 10
2025-12-17 13:17:27,916 [INFO] Valid questions:  10
2025-12-17 13:17:27,916 [INFO] Format errors:    0
2025-12-17 13:17:27,919 [INFO] Written: basic_08.xml
2025-12-17 13:17:27,919 [INFO] 
--- Processing: basic_09.txt ---
2025-12-17 13:17:27,920 [INFO] Parsed questions: 10
2025-12-17 13:17:27,921 [INFO] Valid questions:  10
2025-12-17 13:17:27,921 [INFO] Format errors:    0
2025-12-17 13:17:27,924 [INFO] Written: basic_09.xml
2025-12-17 13:17:27,924 [INFO] 
--- Processing: basic_10.txt ---
2025-12-17 13:17:27,925 [INFO] Parsed questions: 10
2025-12-17 13:17:27,925 [INFO] Valid questions:  10
2025-12-17 13:17:27,925 [INFO] Format errors:    0
2025-12-17 13:17:27,928 [INFO] Written: basic_10.xml
2025-12-17 13:17:27,929 [INFO] 
--- Processing: basic_11.txt ---
2025-12-17 13:17:27,930 [INFO] Parsed questions: 10
2025-12-17 13:17:27,930 [INFO] Valid questions:  10
2025-12-17 13:17:27,930 [INFO] Format errors:    0
2025-12-17 13:17:27,934 [INFO] Written: basic_11.xml
2025-12-17 13:17:27,934 [INFO] 
--- Processing: basic_12.txt ---
2025-12-17 13:17:27,935 [INFO] Parsed questions: 10
2025-12-17 13:17:27,935 [INFO] Valid questions:  10
2025-12-17 13:17:27,936 [INFO] Format errors:    0
2025-12-17 13:17:27,939 [INFO] Written: basic_12.xml
2025-12-17 13:17:27,939 [INFO] 
--- Processing: intermediate_01.txt ---
2025-12-17 13:17:27,940 [INFO] Parsed questions: 10
2025-12-17 13:17:27,940 [INFO] Valid questions:  10
2025-12-17 13:17:27,941 [INFO] Format errors:    0
2025-12-17 13:17:27,944 [INFO] Written: intermediate_01.xml
2025-12-17 13:17:27,944 [INFO] 
--- Processing: intermediate_02.txt ---
2025-12-17 13:17:27,945 [INFO] Parsed questions: 10
2025-12-17 13:17:27,945 [INFO] Valid questions:  10
2025-12-17 13:17:27,945 [INFO] Format errors:    0
2025-12-17 13:17:27,949 [INFO] Written: intermediate_02.xml
2025-12-17 13:17:27,949 [INFO] 
--- Processing: intermediate_03.txt ---
2025-12-17 13:17:27,950 [INFO] Parsed questions: 10
2025-12-17 13:17:27,950 [INFO] Valid questions:  10
2025-12-17 13:17:27,950 [INFO] Format errors:    0
2025-12-17 13:17:27,953 [INFO] Written: intermediate_03.xml
2025-12-17 13:17:27,954 [INFO] 
--- Processing: intermediate_04.txt ---
2025-12-17 13:17:27,954 [DEBUG] intermediate_04.txt:1 ignored outside any question: Here are 10 intermediate-level GATE Organic Chemistry MCQs (2-mark style) based on the attached “GATE Organic Synthesis Learning Path” (organic_unit_04.txt). Each question requires short calculations, multi-concept correlation, or careful mechanistic reasoning across alkenes/alkynes, aromatics, alcohols/phenols, carbonyls, carboxylic acid derivatives, halides/nitro, amines/amides, organometallics, and selective synthesis planning.
2025-12-17 13:17:27,955 [INFO] Parsed questions: 10
2025-12-17 13:17:27,955 [INFO] Valid questions:  10
2025-12-17 13:17:27,955 [INFO] Format errors:    0
2025-12-17 13:17:27,958 [INFO] Written: intermediate_04.xml
2025-12-17 13:17:27,958 [INFO] 
--- Processing: intermediate_05.txt ---
2025-12-17 13:17:27,959 [INFO] Parsed questions: 10
2025-12-17 13:17:27,959 [INFO] Valid questions:  10
2025-12-17 13:17:27,960 [INFO] Format errors:    0
2025-12-17 13:17:27,963 [INFO] Written: intermediate_05.xml
2025-12-17 13:17:27,964 [INFO] 
--- Processing: intermediate_06.txt ---
2025-12-17 13:17:27,965 [INFO] Parsed questions: 10
2025-12-17 13:17:27,966 [INFO] Valid questions:  10
2025-12-17 13:17:27,966 [INFO] Format errors:    0
2025-12-17 13:17:27,969 [INFO] Written: intermediate_06.xml
2025-12-17 13:17:27,969 [INFO] 
--- Processing: intermediate_07.txt ---
2025-12-17 13:17:27,970 [DEBUG] intermediate_07.txt:1 ignored outside any question: The following 10 intermediate-level MCQs are tailored to GATE Organic Chemistry, emphasizing calculation/correlation and direct application across chemoselectivity, regioselectivity, stereoselectivity models, protecting groups, resolution, desymmetrization, chiral auxiliaries, and organocatalysis from organic_unit_07.txt.
2025-12-17 13:17:27,970 [INFO] Parsed questions: 10
2025-12-17 13:17:27,970 [INFO] Valid questions:  10
2025-12-17 13:17:27,971 [INFO] Format errors:    0
2025-12-17 13:17:27,974 [INFO] Written: intermediate_07.xml
2025-12-17 13:17:27,974 [INFO] 
--- Processing: intermediate_08.txt ---
2025-12-17 13:17:27,975 [INFO] Parsed questions: 10
2025-12-17 13:17:27,975 [INFO] Valid questions:  10
2025-12-17 13:17:27,975 [INFO] Format errors:    0
2025-12-17 13:17:27,979 [INFO] Written: intermediate_08.xml
2025-12-17 13:17:27,979 [INFO] 
--- Processing: intermediate_09.txt ---
2025-12-17 13:17:27,980 [INFO] Parsed questions: 10
2025-12-17 13:17:27,980 [INFO] Valid questions:  10
2025-12-17 13:17:27,980 [INFO] Format errors:    0
2025-12-17 13:17:27,983 [INFO] Written: intermediate_09.xml
2025-12-17 13:17:27,984 [INFO] 
--- Processing: intermediate_10.txt ---
2025-12-17 13:17:27,985 [INFO] Parsed questions: 10
2025-12-17 13:17:27,985 [INFO] Valid questions:  10
2025-12-17 13:17:27,985 [INFO] Format errors:    0
2025-12-17 13:17:27,988 [INFO] Written: intermediate_10.xml
2025-12-17 13:17:27,989 [INFO] 
--- Processing: intermediate_11.txt ---
2025-12-17 13:17:27,990 [INFO] Parsed questions: 10
2025-12-17 13:17:27,990 [INFO] Valid questions:  10
2025-12-17 13:17:27,990 [INFO] Format errors:    0
2025-12-17 13:17:27,993 [INFO] Written: intermediate_11.xml
2025-12-17 13:17:27,994 [INFO] 
--- Processing: intermediate_12.txt ---
2025-12-17 13:17:27,995 [INFO] Parsed questions: 10
2025-12-17 13:17:27,996 [INFO] Valid questions:  10
2025-12-17 13:17:27,996 [INFO] Format errors:    0
2025-12-17 13:17:27,999 [INFO] Written: intermediate_12.xml
2025-12-17 13:17:28,000 [INFO] 
=== Overall ===
2025-12-17 13:17:28,000 [INFO] Total parsed questions: 300
2025-12-17 13:17:28,000 [INFO] Total valid questions:  300
2025-12-17 13:17:28,000 [INFO] Total format errors:    0
2025-12-17 13:17:28,000 [INFO] Audit log: organic/output.log
